['D:\\NTUT\\CSIE\\Year2-2\\283647_Multimedia Technologies and Applications\\Midterm\\期中專案_第12組_小組報告\\model.py', 'TRAIN', 'GRID']
+0.0s: K-Means Clustering...
+63.41s: K-Means Clustering Completed!
+63.41s: Saved K-Means data at ./model/kmeans.npy.
+63.42s: Calculating Features Vector...
['paper', 'rock', 'scissors']
+103.42s: Calculating Features Vector Completed!
+103.42s: Defining grid search
+103.42s: Grid Searching...
Cross-validation results:
	0.7821, 0.08995, {'C': 0.5, 'gamma': 'scale', 'kernel': 'linear'}
	0.7929, 0.07832, {'C': 0.5, 'gamma': 'scale', 'kernel': 'poly'}
	0.8163, 0.09683, {'C': 0.5, 'gamma': 'scale', 'kernel': 'rbf'}
	0.7821, 0.08995, {'C': 0.5, 'gamma': 'auto', 'kernel': 'linear'}
	0.7937, 0.0764, {'C': 0.5, 'gamma': 'auto', 'kernel': 'poly'}
	0.8163, 0.09683, {'C': 0.5, 'gamma': 'auto', 'kernel': 'rbf'}
	0.7825, 0.09134, {'C': 1.0, 'gamma': 'scale', 'kernel': 'linear'}
	0.8048, 0.08066, {'C': 1.0, 'gamma': 'scale', 'kernel': 'poly'}
	0.8183, 0.09538, {'C': 1.0, 'gamma': 'scale', 'kernel': 'rbf'}
	0.7825, 0.09134, {'C': 1.0, 'gamma': 'auto', 'kernel': 'linear'}
	0.804, 0.08134, {'C': 1.0, 'gamma': 'auto', 'kernel': 'poly'}
	0.8179, 0.09609, {'C': 1.0, 'gamma': 'auto', 'kernel': 'rbf'}
	0.7806, 0.09211, {'C': 2.0, 'gamma': 'scale', 'kernel': 'linear'}
	0.8067, 0.08728, {'C': 2.0, 'gamma': 'scale', 'kernel': 'poly'}
	0.8198, 0.09925, {'C': 2.0, 'gamma': 'scale', 'kernel': 'rbf'}
	0.7806, 0.09211, {'C': 2.0, 'gamma': 'auto', 'kernel': 'linear'}
	0.8063, 0.08884, {'C': 2.0, 'gamma': 'auto', 'kernel': 'poly'}
	0.819, 0.1007, {'C': 2.0, 'gamma': 'auto', 'kernel': 'rbf'}
	0.7802, 0.09176, {'C': 4.0, 'gamma': 'scale', 'kernel': 'linear'}
	0.8032, 0.09042, {'C': 4.0, 'gamma': 'scale', 'kernel': 'poly'}
	0.8135, 0.10229, {'C': 4.0, 'gamma': 'scale', 'kernel': 'rbf'}
	0.7802, 0.09176, {'C': 4.0, 'gamma': 'auto', 'kernel': 'linear'}
	0.8032, 0.09083, {'C': 4.0, 'gamma': 'auto', 'kernel': 'poly'}
	0.8119, 0.10457, {'C': 4.0, 'gamma': 'auto', 'kernel': 'rbf'}
	0.7782, 0.09563, {'C': 8.0, 'gamma': 'scale', 'kernel': 'linear'}
	0.796, 0.09054, {'C': 8.0, 'gamma': 'scale', 'kernel': 'poly'}
	0.8143, 0.10523, {'C': 8.0, 'gamma': 'scale', 'kernel': 'rbf'}
	0.7782, 0.09563, {'C': 8.0, 'gamma': 'auto', 'kernel': 'linear'}
	0.7956, 0.09061, {'C': 8.0, 'gamma': 'auto', 'kernel': 'poly'}
	0.8147, 0.10541, {'C': 8.0, 'gamma': 'auto', 'kernel': 'rbf'}
Grid search best score: 0.8198412698412699
Grid search best parameters:
	C: 2.0
	gamma: scale
	kernel: rbf
+107.48s: Training Finish.
