['D:\\NTUT\\CSIE\\Year2-2\\283647_Multimedia Technologies and Applications\\Midterm\\期中專案_第12組_小組報告\\model.py', 'TRAIN', 'GRID']
+0.01s: K-Means Clustering...
+93.88s: K-Means Clustering Completed!
+93.88s: Saved K-Means data at ./model/kmeans.npy.
+93.89s: Calculating Features Vector...
+131.8s: Calculating Features Vector Completed!
+131.8s: Defining grid search
+131.8s: Grid Searching...
Cross-validation results:
	0.8266, 0.07821, {'C': 0.5, 'gamma': 'scale', 'kernel': 'linear'}
	0.8496, 0.0739, {'C': 0.5, 'gamma': 'scale', 'kernel': 'poly'}
	0.85, 0.07941, {'C': 0.5, 'gamma': 'scale', 'kernel': 'rbf'}
	0.8266, 0.07821, {'C': 0.5, 'gamma': 'auto', 'kernel': 'linear'}
	0.8409, 0.07869, {'C': 0.5, 'gamma': 'auto', 'kernel': 'poly'}
	0.8361, 0.08098, {'C': 0.5, 'gamma': 'auto', 'kernel': 'rbf'}
	0.8258, 0.07865, {'C': 1.0, 'gamma': 'scale', 'kernel': 'linear'}
	0.8472, 0.07963, {'C': 1.0, 'gamma': 'scale', 'kernel': 'poly'}
	0.852, 0.07712, {'C': 1.0, 'gamma': 'scale', 'kernel': 'rbf'}
	0.8258, 0.07865, {'C': 1.0, 'gamma': 'auto', 'kernel': 'linear'}
	0.8389, 0.07485, {'C': 1.0, 'gamma': 'auto', 'kernel': 'poly'}
	0.844, 0.07866, {'C': 1.0, 'gamma': 'auto', 'kernel': 'rbf'}
	0.825, 0.07698, {'C': 2.0, 'gamma': 'scale', 'kernel': 'linear'}
	0.8413, 0.07904, {'C': 2.0, 'gamma': 'scale', 'kernel': 'poly'}
	0.8552, 0.07938, {'C': 2.0, 'gamma': 'scale', 'kernel': 'rbf'}
	0.825, 0.07698, {'C': 2.0, 'gamma': 'auto', 'kernel': 'linear'}
	0.8397, 0.0736, {'C': 2.0, 'gamma': 'auto', 'kernel': 'poly'}
	0.8468, 0.08066, {'C': 2.0, 'gamma': 'auto', 'kernel': 'rbf'}
	0.8238, 0.07663, {'C': 4.0, 'gamma': 'scale', 'kernel': 'linear'}
	0.8421, 0.07752, {'C': 4.0, 'gamma': 'scale', 'kernel': 'poly'}
	0.8524, 0.08006, {'C': 4.0, 'gamma': 'scale', 'kernel': 'rbf'}
	0.8238, 0.07663, {'C': 4.0, 'gamma': 'auto', 'kernel': 'linear'}
	0.8397, 0.0736, {'C': 4.0, 'gamma': 'auto', 'kernel': 'poly'}
	0.8464, 0.07957, {'C': 4.0, 'gamma': 'auto', 'kernel': 'rbf'}
	0.8242, 0.0774, {'C': 8.0, 'gamma': 'scale', 'kernel': 'linear'}
	0.8401, 0.07318, {'C': 8.0, 'gamma': 'scale', 'kernel': 'poly'}
	0.8548, 0.0863, {'C': 8.0, 'gamma': 'scale', 'kernel': 'rbf'}
	0.8242, 0.0774, {'C': 8.0, 'gamma': 'auto', 'kernel': 'linear'}
	0.8397, 0.0736, {'C': 8.0, 'gamma': 'auto', 'kernel': 'poly'}
	0.8464, 0.07957, {'C': 8.0, 'gamma': 'auto', 'kernel': 'rbf'}
Grid search best score: 0.85515873015873
Grid search best parameters:
	C: 2.0
	gamma: scale
	kernel: rbf
+136.1s: Training Finish.
