['D:\\NTUT\\CSIE\\Year2-2\\283647_Multimedia Technologies and Applications\\Midterm\\期中專案_第12組_小組報告\\model.py', 'TRAIN', 'GRID']
+0.0s: K-Means Clustering...
+88.43s: K-Means Clustering Completed!
+88.44s: Saved K-Means data at ./model/kmeans.npy.
+88.44s: Calculating Features Vector...
+127.57s: Calculating Features Vector Completed!
+127.57s: Defining grid search
+127.57s: Grid Searching...
Cross-validation results:
	0.7929, 0.07385, {'C': 0.5, 'gamma': 'scale', 'kernel': 'linear'}
	0.8286, 0.06245, {'C': 0.5, 'gamma': 'scale', 'kernel': 'poly'}
	0.8349, 0.08031, {'C': 0.5, 'gamma': 'scale', 'kernel': 'rbf'}
	0.7929, 0.07385, {'C': 0.5, 'gamma': 'auto', 'kernel': 'linear'}
	0.8286, 0.06294, {'C': 0.5, 'gamma': 'auto', 'kernel': 'poly'}
	0.8349, 0.08031, {'C': 0.5, 'gamma': 'auto', 'kernel': 'rbf'}
	0.7893, 0.07693, {'C': 1.0, 'gamma': 'scale', 'kernel': 'linear'}
	0.829, 0.06835, {'C': 1.0, 'gamma': 'scale', 'kernel': 'poly'}
	0.8381, 0.07898, {'C': 1.0, 'gamma': 'scale', 'kernel': 'rbf'}
	0.7893, 0.07693, {'C': 1.0, 'gamma': 'auto', 'kernel': 'linear'}
	0.8294, 0.06835, {'C': 1.0, 'gamma': 'auto', 'kernel': 'poly'}
	0.8381, 0.07898, {'C': 1.0, 'gamma': 'auto', 'kernel': 'rbf'}
	0.7857, 0.07386, {'C': 2.0, 'gamma': 'scale', 'kernel': 'linear'}
	0.8329, 0.07508, {'C': 2.0, 'gamma': 'scale', 'kernel': 'poly'}
	0.8433, 0.0789, {'C': 2.0, 'gamma': 'scale', 'kernel': 'rbf'}
	0.7857, 0.07386, {'C': 2.0, 'gamma': 'auto', 'kernel': 'linear'}
	0.8325, 0.07469, {'C': 2.0, 'gamma': 'auto', 'kernel': 'poly'}
	0.8429, 0.07964, {'C': 2.0, 'gamma': 'auto', 'kernel': 'rbf'}
	0.7849, 0.07475, {'C': 4.0, 'gamma': 'scale', 'kernel': 'linear'}
	0.831, 0.07323, {'C': 4.0, 'gamma': 'scale', 'kernel': 'poly'}
	0.8417, 0.08031, {'C': 4.0, 'gamma': 'scale', 'kernel': 'rbf'}
	0.7849, 0.07475, {'C': 4.0, 'gamma': 'auto', 'kernel': 'linear'}
	0.8294, 0.07336, {'C': 4.0, 'gamma': 'auto', 'kernel': 'poly'}
	0.8417, 0.08031, {'C': 4.0, 'gamma': 'auto', 'kernel': 'rbf'}
	0.7845, 0.07456, {'C': 8.0, 'gamma': 'scale', 'kernel': 'linear'}
	0.827, 0.07574, {'C': 8.0, 'gamma': 'scale', 'kernel': 'poly'}
	0.8417, 0.07892, {'C': 8.0, 'gamma': 'scale', 'kernel': 'rbf'}
	0.7845, 0.07456, {'C': 8.0, 'gamma': 'auto', 'kernel': 'linear'}
	0.8274, 0.07611, {'C': 8.0, 'gamma': 'auto', 'kernel': 'poly'}
	0.8417, 0.07892, {'C': 8.0, 'gamma': 'auto', 'kernel': 'rbf'}
Grid search best score: 0.8432539682539681
Grid search best parameters:
	C: 2.0
	gamma: scale
	kernel: rbf
+131.27s: Training Finish.
