['D:\\NTUT\\CSIE\\Year2-2\\283647_Multimedia Technologies and Applications\\Midterm\\期中專案_第12組_小組報告\\model.py', 'TRAIN', 'GRID']
+0.0s: K-Means Clustering...
+91.47s: K-Means Clustering Completed!
+91.48s: Saved K-Means data at ./model/kmeans.npy.
+91.48s: Calculating Features Vector...
+132.45s: Calculating Features Vector Completed!
+132.45s: Defining grid search
+132.45s: Grid Searching...
Cross-validation results:
	0.8095, 0.06363, {'C': 0.5, 'gamma': 'scale', 'kernel': 'linear'}
	0.8262, 0.06475, {'C': 0.5, 'gamma': 'scale', 'kernel': 'poly'}
	0.8385, 0.08177, {'C': 0.5, 'gamma': 'scale', 'kernel': 'rbf'}
	0.8095, 0.06363, {'C': 0.5, 'gamma': 'auto', 'kernel': 'linear'}
	0.8238, 0.0635, {'C': 0.5, 'gamma': 'auto', 'kernel': 'poly'}
	0.8393, 0.08234, {'C': 0.5, 'gamma': 'auto', 'kernel': 'rbf'}
	0.8071, 0.06317, {'C': 1.0, 'gamma': 'scale', 'kernel': 'linear'}
	0.8306, 0.07046, {'C': 1.0, 'gamma': 'scale', 'kernel': 'poly'}
	0.8381, 0.08269, {'C': 1.0, 'gamma': 'scale', 'kernel': 'rbf'}
	0.8071, 0.06317, {'C': 1.0, 'gamma': 'auto', 'kernel': 'linear'}
	0.8298, 0.06846, {'C': 1.0, 'gamma': 'auto', 'kernel': 'poly'}
	0.8377, 0.08238, {'C': 1.0, 'gamma': 'auto', 'kernel': 'rbf'}
	0.8052, 0.06353, {'C': 2.0, 'gamma': 'scale', 'kernel': 'linear'}
	0.8313, 0.07362, {'C': 2.0, 'gamma': 'scale', 'kernel': 'poly'}
	0.8401, 0.08149, {'C': 2.0, 'gamma': 'scale', 'kernel': 'rbf'}
	0.8052, 0.06353, {'C': 2.0, 'gamma': 'auto', 'kernel': 'linear'}
	0.831, 0.07285, {'C': 2.0, 'gamma': 'auto', 'kernel': 'poly'}
	0.8397, 0.08124, {'C': 2.0, 'gamma': 'auto', 'kernel': 'rbf'}
	0.804, 0.06594, {'C': 4.0, 'gamma': 'scale', 'kernel': 'linear'}
	0.8306, 0.07475, {'C': 4.0, 'gamma': 'scale', 'kernel': 'poly'}
	0.8413, 0.08466, {'C': 4.0, 'gamma': 'scale', 'kernel': 'rbf'}
	0.804, 0.06594, {'C': 4.0, 'gamma': 'auto', 'kernel': 'linear'}
	0.8313, 0.07487, {'C': 4.0, 'gamma': 'auto', 'kernel': 'poly'}
	0.8417, 0.08491, {'C': 4.0, 'gamma': 'auto', 'kernel': 'rbf'}
	0.802, 0.06413, {'C': 8.0, 'gamma': 'scale', 'kernel': 'linear'}
	0.8294, 0.07292, {'C': 8.0, 'gamma': 'scale', 'kernel': 'poly'}
	0.8417, 0.08571, {'C': 8.0, 'gamma': 'scale', 'kernel': 'rbf'}
	0.802, 0.06413, {'C': 8.0, 'gamma': 'auto', 'kernel': 'linear'}
	0.8294, 0.07389, {'C': 8.0, 'gamma': 'auto', 'kernel': 'poly'}
	0.8413, 0.08648, {'C': 8.0, 'gamma': 'auto', 'kernel': 'rbf'}
Grid search best score: 0.8416666666666666
Grid search best parameters:
	C: 4.0
	gamma: auto
	kernel: rbf
+136.43s: Training Finish.
