['TRAIN', 'GRID']
DEBUG Mode: False
PLOT Mode: False

+0.0s: K-Means Clustering...
+95.81s: K-Means Clustering Completed!
+95.82s: Saved K-Means data at ./model/kmeans.npy.
+95.82s: Calculating Features Vector...
+134.17s: Calculating Features Vector Completed!
+134.17s: Defining grid search
+134.17s: Grid Searching...
Cross-validation results:
	0.7813, 0.10335, {'C': 0.5, 'gamma': 'scale', 'kernel': 'linear'}
	0.827, 0.07578, {'C': 0.5, 'gamma': 'scale', 'kernel': 'poly'}
	0.8226, 0.10136, {'C': 0.5, 'gamma': 'scale', 'kernel': 'rbf'}
	0.7813, 0.10335, {'C': 0.5, 'gamma': 'auto', 'kernel': 'linear'}
	0.8258, 0.0761, {'C': 0.5, 'gamma': 'auto', 'kernel': 'poly'}
	0.8226, 0.10148, {'C': 0.5, 'gamma': 'auto', 'kernel': 'rbf'}
	0.7853, 0.09936, {'C': 1.0, 'gamma': 'scale', 'kernel': 'linear'}
	0.8274, 0.0783, {'C': 1.0, 'gamma': 'scale', 'kernel': 'poly'}
	0.825, 0.09938, {'C': 1.0, 'gamma': 'scale', 'kernel': 'rbf'}
	0.7853, 0.09936, {'C': 1.0, 'gamma': 'auto', 'kernel': 'linear'}
	0.8282, 0.07846, {'C': 1.0, 'gamma': 'auto', 'kernel': 'poly'}
	0.825, 0.09938, {'C': 1.0, 'gamma': 'auto', 'kernel': 'rbf'}
	0.7829, 0.09898, {'C': 2.0, 'gamma': 'scale', 'kernel': 'linear'}
	0.825, 0.08819, {'C': 2.0, 'gamma': 'scale', 'kernel': 'poly'}
	0.825, 0.10185, {'C': 2.0, 'gamma': 'scale', 'kernel': 'rbf'}
	0.7829, 0.09898, {'C': 2.0, 'gamma': 'auto', 'kernel': 'linear'}
	0.8262, 0.08794, {'C': 2.0, 'gamma': 'auto', 'kernel': 'poly'}
	0.825, 0.10183, {'C': 2.0, 'gamma': 'auto', 'kernel': 'rbf'}
	0.7806, 0.10064, {'C': 4.0, 'gamma': 'scale', 'kernel': 'linear'}
	0.8222, 0.09624, {'C': 4.0, 'gamma': 'scale', 'kernel': 'poly'}
	0.8175, 0.09558, {'C': 4.0, 'gamma': 'scale', 'kernel': 'rbf'}
	0.7806, 0.10064, {'C': 4.0, 'gamma': 'auto', 'kernel': 'linear'}
	0.821, 0.09559, {'C': 4.0, 'gamma': 'auto', 'kernel': 'poly'}
	0.819, 0.09691, {'C': 4.0, 'gamma': 'auto', 'kernel': 'rbf'}
	0.7786, 0.10093, {'C': 8.0, 'gamma': 'scale', 'kernel': 'linear'}
	0.8187, 0.09753, {'C': 8.0, 'gamma': 'scale', 'kernel': 'poly'}
	0.8206, 0.09789, {'C': 8.0, 'gamma': 'scale', 'kernel': 'rbf'}
	0.7786, 0.10093, {'C': 8.0, 'gamma': 'auto', 'kernel': 'linear'}
	0.819, 0.09767, {'C': 8.0, 'gamma': 'auto', 'kernel': 'poly'}
	0.8214, 0.09851, {'C': 8.0, 'gamma': 'auto', 'kernel': 'rbf'}
Grid search best score: 0.8281746031746031
Grid search best parameters:
	C: 1.0
	gamma: auto
	kernel: poly
+137.44s: Validating classifier on train set
Classifier f1-score on test set: 0.9908730158730159
Confusion matrix:
[[823   6  11]
 [  0 835   5]
 [  1   0 839]]
Classification report:
              precision    recall  f1-score   support

       PAPER       1.00      0.98      0.99       840
        ROCK       0.99      0.99      0.99       840
    SCISSORS       0.98      1.00      0.99       840

    accuracy                           0.99      2520
   macro avg       0.99      0.99      0.99      2520
weighted avg       0.99      0.99      0.99      2520

+137.51s: Training Finish.
