['TRAIN', 'GRID']
DEBUG Mode: False
PLOT Mode: False

+0.0s: K-Means Clustering...
	K-Means Clustering using `scipy.cluster.vq.kmeans`
+81.93s: K-Means Clustering Completed!
+81.93s: Saved K-Means data at ./model/kmeans.npy.
+81.93s: Calculating Features Vector...
+115.13s: Calculating Features Vector Completed!
+115.13s: Defining grid search
+115.13s: Grid Searching...
+117.96s: Cross-validation results:
	score	std		parameters
	0.8257, 0.08601, {'C': 0.5, 'gamma': 'scale', 'kernel': 'linear'}
	0.8548, 0.07556, {'C': 0.5, 'gamma': 'scale', 'kernel': 'poly'}
	0.8624, 0.08989, {'C': 0.5, 'gamma': 'scale', 'kernel': 'rbf'}
	0.8257, 0.08601, {'C': 0.5, 'gamma': 'auto', 'kernel': 'linear'}
	0.8548, 0.07437, {'C': 0.5, 'gamma': 'auto', 'kernel': 'poly'}
	0.8619, 0.09066, {'C': 0.5, 'gamma': 'auto', 'kernel': 'rbf'}
	0.8238, 0.09259, {'C': 1.0, 'gamma': 'scale', 'kernel': 'linear'}
	0.8514, 0.08198, {'C': 1.0, 'gamma': 'scale', 'kernel': 'poly'}
	0.8629, 0.09436, {'C': 1.0, 'gamma': 'scale', 'kernel': 'rbf'}
	0.8238, 0.09259, {'C': 1.0, 'gamma': 'auto', 'kernel': 'linear'}
	0.8514, 0.08308, {'C': 1.0, 'gamma': 'auto', 'kernel': 'poly'}
	0.8624, 0.09617, {'C': 1.0, 'gamma': 'auto', 'kernel': 'rbf'}
	0.8238, 0.09075, {'C': 2.0, 'gamma': 'scale', 'kernel': 'linear'}
	0.8519, 0.08806, {'C': 2.0, 'gamma': 'scale', 'kernel': 'poly'}
	0.8629, 0.09314, {'C': 2.0, 'gamma': 'scale', 'kernel': 'rbf'}
	0.8238, 0.09075, {'C': 2.0, 'gamma': 'auto', 'kernel': 'linear'}
	0.8529, 0.08544, {'C': 2.0, 'gamma': 'auto', 'kernel': 'poly'}
	0.8633, 0.09318, {'C': 2.0, 'gamma': 'auto', 'kernel': 'rbf'}
	0.8262, 0.08918, {'C': 4.0, 'gamma': 'scale', 'kernel': 'linear'}
	0.8486, 0.08955, {'C': 4.0, 'gamma': 'scale', 'kernel': 'poly'}
	0.8552, 0.09217, {'C': 4.0, 'gamma': 'scale', 'kernel': 'rbf'}
	0.8262, 0.08918, {'C': 4.0, 'gamma': 'auto', 'kernel': 'linear'}
	0.8486, 0.08996, {'C': 4.0, 'gamma': 'auto', 'kernel': 'poly'}
	0.8548, 0.09241, {'C': 4.0, 'gamma': 'auto', 'kernel': 'rbf'}
	0.8252, 0.09183, {'C': 8.0, 'gamma': 'scale', 'kernel': 'linear'}
	0.8414, 0.0933, {'C': 8.0, 'gamma': 'scale', 'kernel': 'poly'}
	0.8543, 0.09319, {'C': 8.0, 'gamma': 'scale', 'kernel': 'rbf'}
	0.8252, 0.09183, {'C': 8.0, 'gamma': 'auto', 'kernel': 'linear'}
	0.8414, 0.094, {'C': 8.0, 'gamma': 'auto', 'kernel': 'poly'}
	0.8538, 0.09395, {'C': 8.0, 'gamma': 'auto', 'kernel': 'rbf'}

	Grid search best score: 0.8633333333333333
	Grid search best parameters:
		C: 2.0
		gamma: auto
		kernel: rbf

+117.96s: Validating classifier on train set
Classifier f1-score on test set: 0.9980952380952381

Confusion matrix:
[[698   2   0]
 [  0 700   0]
 [  0   2 698]]

Classification report:
              precision    recall  f1-score   support

       PAPER       1.00      1.00      1.00       700
        ROCK       0.99      1.00      1.00       700
    SCISSORS       1.00      1.00      1.00       700

    accuracy                           1.00      2100
   macro avg       1.00      1.00      1.00      2100
weighted avg       1.00      1.00      1.00      2100

+118.08s: Training Finish.
