['D:\\NTUT\\CSIE\\Year2-2\\283647_Multimedia Technologies and Applications\\Midterm\\期中專案_第12組_小組報告\\Code\\model.py', 'TRAIN', 'GRID']
DEBUG Mode: False
PLOT Mode: False

+0.0s: K-Means Clustering...
	K-Means Clustering using `sklearn.cluster.KMeans`
+89.89s: K-Means Clustering Completed!
+89.9s: Saved K-Means data at ./model/kmeans.npy.
+89.9s: Calculating Features Vector...
+128.96s: Calculating Features Vector Completed!
+128.96s: Defining grid search
+128.96s: Grid Searching...
+132.45s: Cross-validation results:
	score	std		parameters
	0.8063, 0.07524, {'C': 0.5, 'gamma': 'scale', 'kernel': 'linear'}
	0.8222, 0.06442, {'C': 0.5, 'gamma': 'scale', 'kernel': 'poly'}
	0.8282, 0.07037, {'C': 0.5, 'gamma': 'scale', 'kernel': 'rbf'}
	0.8063, 0.07524, {'C': 0.5, 'gamma': 'auto', 'kernel': 'linear'}
	0.8238, 0.0636, {'C': 0.5, 'gamma': 'auto', 'kernel': 'poly'}
	0.8286, 0.07084, {'C': 0.5, 'gamma': 'auto', 'kernel': 'rbf'}
	0.806, 0.07492, {'C': 1.0, 'gamma': 'scale', 'kernel': 'linear'}
	0.8218, 0.0748, {'C': 1.0, 'gamma': 'scale', 'kernel': 'poly'}
	0.8302, 0.06891, {'C': 1.0, 'gamma': 'scale', 'kernel': 'rbf'}
	0.806, 0.07492, {'C': 1.0, 'gamma': 'auto', 'kernel': 'linear'}
	0.8222, 0.07347, {'C': 1.0, 'gamma': 'auto', 'kernel': 'poly'}
	0.8302, 0.06891, {'C': 1.0, 'gamma': 'auto', 'kernel': 'rbf'}
	0.8095, 0.07357, {'C': 2.0, 'gamma': 'scale', 'kernel': 'linear'}
	0.8183, 0.07943, {'C': 2.0, 'gamma': 'scale', 'kernel': 'poly'}
	0.8329, 0.06822, {'C': 2.0, 'gamma': 'scale', 'kernel': 'rbf'}
	0.8095, 0.07357, {'C': 2.0, 'gamma': 'auto', 'kernel': 'linear'}
	0.8179, 0.07922, {'C': 2.0, 'gamma': 'auto', 'kernel': 'poly'}
	0.8333, 0.06697, {'C': 2.0, 'gamma': 'auto', 'kernel': 'rbf'}
	0.8123, 0.07428, {'C': 4.0, 'gamma': 'scale', 'kernel': 'linear'}
	0.8171, 0.08308, {'C': 4.0, 'gamma': 'scale', 'kernel': 'poly'}
	0.8306, 0.06806, {'C': 4.0, 'gamma': 'scale', 'kernel': 'rbf'}
	0.8123, 0.07428, {'C': 4.0, 'gamma': 'auto', 'kernel': 'linear'}
	0.8183, 0.08189, {'C': 4.0, 'gamma': 'auto', 'kernel': 'poly'}
	0.8298, 0.06838, {'C': 4.0, 'gamma': 'auto', 'kernel': 'rbf'}
	0.8115, 0.07117, {'C': 8.0, 'gamma': 'scale', 'kernel': 'linear'}
	0.8147, 0.0818, {'C': 8.0, 'gamma': 'scale', 'kernel': 'poly'}
	0.825, 0.06728, {'C': 8.0, 'gamma': 'scale', 'kernel': 'rbf'}
	0.8115, 0.07117, {'C': 8.0, 'gamma': 'auto', 'kernel': 'linear'}
	0.8147, 0.08207, {'C': 8.0, 'gamma': 'auto', 'kernel': 'poly'}
	0.8254, 0.06765, {'C': 8.0, 'gamma': 'auto', 'kernel': 'rbf'}

	Grid search best score: 0.8333333333333334
	Grid search best parameters:
		C: 2.0
		gamma: auto
		kernel: rbf

+132.45s: Validating classifier on train set
Classifier f1-score on test set: 0.998015873015873

Confusion matrix:
[[837   1   2]
 [  0 839   1]
 [  1   0 839]]

Classification report:
              precision    recall  f1-score   support

       PAPER       1.00      1.00      1.00       840
        ROCK       1.00      1.00      1.00       840
    SCISSORS       1.00      1.00      1.00       840

    accuracy                           1.00      2520
   macro avg       1.00      1.00      1.00      2520
weighted avg       1.00      1.00      1.00      2520

+132.64s: Training Finish.
