['TRAIN', 'GRID']
DEBUG Mode: False
PLOT Mode: False

+0.0s: K-Means Clustering...
	K-Means Clustering using `scipy.cluster.vq.kmeans`
+47.07s: K-Means Clustering Completed!
+47.07s: Saved K-Means data at ./model/kmeans.npy.
+47.08s: Calculating Features Vector...
+69.38s: Calculating Features Vector Completed!
+69.38s: Defining grid search
+69.38s: Grid Searching...
+71.43s: Cross-validation results:
	score	std		parameters
	0.8007, 0.09351, {'C': 0.5, 'gamma': 'scale', 'kernel': 'linear'}
	0.8122, 0.07229, {'C': 0.5, 'gamma': 'scale', 'kernel': 'poly'}
	0.8259, 0.09266, {'C': 0.5, 'gamma': 'scale', 'kernel': 'rbf'}
	0.8007, 0.09351, {'C': 0.5, 'gamma': 'auto', 'kernel': 'linear'}
	0.8143, 0.06996, {'C': 0.5, 'gamma': 'auto', 'kernel': 'poly'}
	0.8252, 0.09312, {'C': 0.5, 'gamma': 'auto', 'kernel': 'rbf'}
	0.7993, 0.08183, {'C': 1.0, 'gamma': 'scale', 'kernel': 'linear'}
	0.8061, 0.08177, {'C': 1.0, 'gamma': 'scale', 'kernel': 'poly'}
	0.8306, 0.09767, {'C': 1.0, 'gamma': 'scale', 'kernel': 'rbf'}
	0.7993, 0.08183, {'C': 1.0, 'gamma': 'auto', 'kernel': 'linear'}
	0.8068, 0.08218, {'C': 1.0, 'gamma': 'auto', 'kernel': 'poly'}
	0.8313, 0.09817, {'C': 1.0, 'gamma': 'auto', 'kernel': 'rbf'}
	0.8007, 0.07674, {'C': 2.0, 'gamma': 'scale', 'kernel': 'linear'}
	0.7986, 0.09393, {'C': 2.0, 'gamma': 'scale', 'kernel': 'poly'}
	0.8293, 0.10015, {'C': 2.0, 'gamma': 'scale', 'kernel': 'rbf'}
	0.8007, 0.07674, {'C': 2.0, 'gamma': 'auto', 'kernel': 'linear'}
	0.7993, 0.09273, {'C': 2.0, 'gamma': 'auto', 'kernel': 'poly'}
	0.8293, 0.10015, {'C': 2.0, 'gamma': 'auto', 'kernel': 'rbf'}
	0.7966, 0.07998, {'C': 4.0, 'gamma': 'scale', 'kernel': 'linear'}
	0.7905, 0.09727, {'C': 4.0, 'gamma': 'scale', 'kernel': 'poly'}
	0.8231, 0.10501, {'C': 4.0, 'gamma': 'scale', 'kernel': 'rbf'}
	0.7966, 0.07998, {'C': 4.0, 'gamma': 'auto', 'kernel': 'linear'}
	0.7905, 0.09727, {'C': 4.0, 'gamma': 'auto', 'kernel': 'poly'}
	0.8238, 0.10396, {'C': 4.0, 'gamma': 'auto', 'kernel': 'rbf'}
	0.7952, 0.08227, {'C': 8.0, 'gamma': 'scale', 'kernel': 'linear'}
	0.7912, 0.11356, {'C': 8.0, 'gamma': 'scale', 'kernel': 'poly'}
	0.8197, 0.10382, {'C': 8.0, 'gamma': 'scale', 'kernel': 'rbf'}
	0.7952, 0.08227, {'C': 8.0, 'gamma': 'auto', 'kernel': 'linear'}
	0.7912, 0.11356, {'C': 8.0, 'gamma': 'auto', 'kernel': 'poly'}
	0.819, 0.10487, {'C': 8.0, 'gamma': 'auto', 'kernel': 'rbf'}

	Grid search best score: 0.8312925170068027
	Grid search best parameters:
		C: 1.0
		gamma: auto
		kernel: rbf

+71.43s: Validating classifier on train set
Classifier f1-score on test set: 0.9979591836734694

Confusion matrix:
[[487   1   2]
 [  0 490   0]
 [  0   0 490]]

Classification report:
              precision    recall  f1-score   support

       PAPER       1.00      0.99      1.00       490
        ROCK       1.00      1.00      1.00       490
    SCISSORS       1.00      1.00      1.00       490

    accuracy                           1.00      1470
   macro avg       1.00      1.00      1.00      1470
weighted avg       1.00      1.00      1.00      1470

+71.51s: Training Finish.
